[2026-06-29 11:27:25Z INFO HostContext] No proxy settings were found based on environmental variables (http_proxy/https_proxy/HTTP_PROXY/HTTPS_PROXY)
[2026-06-29 11:27:25Z INFO HostContext] Well known directory 'Bin': 'C:\Users\milleri\dev\repos\RAG-ingestion\actions-runner\bin'
[2026-06-29 11:27:25Z INFO HostContext] Well known directory 'Root': 'C:\Users\milleri\dev\repos\RAG-ingestion\actions-runner'
[2026-06-29 11:27:25Z INFO HostContext] Well known config file 'Credentials': 'C:\Users\milleri\dev\repos\RAG-ingestion\actions-runner\.credentials'
[2026-06-29 11:27:25Z INFO HostContext] Well known directory 'Bin': 'C:\Users\milleri\dev\repos\RAG-ingestion\actions-runner\bin'
[2026-06-29 11:27:25Z INFO HostContext] Well known directory 'Root': 'C:\Users\milleri\dev\repos\RAG-ingestion\actions-runner'
[2026-06-29 11:27:25Z INFO HostContext] Well known config file 'Runner': 'C:\Users\milleri\dev\repos\RAG-ingestion\actions-runner\.runner'
[2026-06-29 11:27:25Z INFO Listener] Runner is built for Windows (X64) - win-x64.
[2026-06-29 11:27:25Z INFO Listener] RuntimeInformation: Microsoft Windows 10.0.26200.
[2026-06-29 11:27:25Z INFO Listener] Version: 2.335.1
[2026-06-29 11:27:25Z INFO Listener] Commit: 7d737449ef346f6524f75688d0c9c95fa10ba10a
[2026-06-29 11:27:25Z INFO Listener] Culture: de-DE
[2026-06-29 11:27:25Z INFO Listener] UI Culture: de-DE
[2026-06-29 11:27:25Z INFO HostContext] Well known directory 'Bin': 'C:\Users\milleri\dev\repos\RAG-ingestion\actions-runner\bin'
[2026-06-29 11:27:25Z INFO HostContext] Well known directory 'Root': 'C:\Users\milleri\dev\repos\RAG-ingestion\actions-runner'
[2026-06-29 11:27:25Z INFO Listener] Validating directory permissions for: 'C:\Users\milleri\dev\repos\RAG-ingestion\actions-runner'
[2026-06-29 11:27:25Z INFO CommandLineParser] Parse
[2026-06-29 11:27:25Z INFO CommandLineParser] Parsing 1 args
[2026-06-29 11:27:25Z INFO CommandLineParser] parsing argument
[2026-06-29 11:27:25Z INFO CommandLineParser] HasArgs: False
[2026-06-29 11:27:25Z INFO CommandLineParser] Adding Command: remove
[2026-06-29 11:27:25Z INFO Listener] Arguments parsed
[2026-06-29 11:27:25Z INFO Runner] ExecuteCommand
[2026-06-29 11:27:25Z INFO ConfigurationStore] currentAssemblyLocation: C:\Users\milleri\dev\repos\RAG-ingestion\actions-runner\bin\Runner.Listener.dll
[2026-06-29 11:27:25Z INFO HostContext] Well known directory 'Bin': 'C:\Users\milleri\dev\repos\RAG-ingestion\actions-runner\bin'
[2026-06-29 11:27:25Z INFO ConfigurationStore] binPath: C:\Users\milleri\dev\repos\RAG-ingestion\actions-runner\bin
[2026-06-29 11:27:25Z INFO HostContext] Well known directory 'Bin': 'C:\Users\milleri\dev\repos\RAG-ingestion\actions-runner\bin'
[2026-06-29 11:27:25Z INFO HostContext] Well known directory 'Root': 'C:\Users\milleri\dev\repos\RAG-ingestion\actions-runner'
[2026-06-29 11:27:25Z INFO ConfigurationStore] RootFolder: C:\Users\milleri\dev\repos\RAG-ingestion\actions-runner
[2026-06-29 11:27:25Z INFO HostContext] Well known directory 'Bin': 'C:\Users\milleri\dev\repos\RAG-ingestion\actions-runner\bin'
[2026-06-29 11:27:25Z INFO HostContext] Well known directory 'Root': 'C:\Users\milleri\dev\repos\RAG-ingestion\actions-runner'
[2026-06-29 11:27:25Z INFO HostContext] Well known config file 'Runner': 'C:\Users\milleri\dev\repos\RAG-ingestion\actions-runner\.runner'
[2026-06-29 11:27:25Z INFO ConfigurationStore] ConfigFilePath: C:\Users\milleri\dev\repos\RAG-ingestion\actions-runner\.runner
[2026-06-29 11:27:25Z INFO HostContext] Well known directory 'Bin': 'C:\Users\milleri\dev\repos\RAG-ingestion\actions-runner\bin'
[2026-06-29 11:27:25Z INFO HostContext] Well known directory 'Root': 'C:\Users\milleri\dev\repos\RAG-ingestion\actions-runner'
[2026-06-29 11:27:25Z INFO HostContext] Well known config file 'MigratedRunner': 'C:\Users\milleri\dev\repos\RAG-ingestion\actions-runner\.runner_migrated'
[2026-06-29 11:27:25Z INFO ConfigurationStore] MigratedConfigFilePath: C:\Users\milleri\dev\repos\RAG-ingestion\actions-runner\.runner_migrated
[2026-06-29 11:27:25Z INFO HostContext] Well known directory 'Bin': 'C:\Users\milleri\dev\repos\RAG-ingestion\actions-runner\bin'
[2026-06-29 11:27:25Z INFO HostContext] Well known directory 'Root': 'C:\Users\milleri\dev\repos\RAG-ingestion\actions-runner'
[2026-06-29 11:27:25Z INFO HostContext] Well known config file 'Credentials': 'C:\Users\milleri\dev\repos\RAG-ingestion\actions-runner\.credentials'
[2026-06-29 11:27:25Z INFO ConfigurationStore] CredFilePath: C:\Users\milleri\dev\repos\RAG-ingestion\actions-runner\.credentials
[2026-06-29 11:27:25Z INFO HostContext] Well known directory 'Bin': 'C:\Users\milleri\dev\repos\RAG-ingestion\actions-runner\bin'
[2026-06-29 11:27:25Z INFO HostContext] Well known directory 'Root': 'C:\Users\milleri\dev\repos\RAG-ingestion\actions-runner'
[2026-06-29 11:27:25Z INFO HostContext] Well known config file 'MigratedCredentials': 'C:\Users\milleri\dev\repos\RAG-ingestion\actions-runner\.credentials_migrated'
[2026-06-29 11:27:25Z INFO ConfigurationStore] MigratedCredFilePath: C:\Users\milleri\dev\repos\RAG-ingestion\actions-runner\.credentials_migrated
[2026-06-29 11:27:25Z INFO HostContext] Well known directory 'Bin': 'C:\Users\milleri\dev\repos\RAG-ingestion\actions-runner\bin'
[2026-06-29 11:27:25Z INFO HostContext] Well known directory 'Root': 'C:\Users\milleri\dev\repos\RAG-ingestion\actions-runner'
[2026-06-29 11:27:25Z INFO HostContext] Well known config file 'Service': 'C:\Users\milleri\dev\repos\RAG-ingestion\actions-runner\.service'
[2026-06-29 11:27:25Z INFO ConfigurationStore] ServiceConfigFilePath: C:\Users\milleri\dev\repos\RAG-ingestion\actions-runner\.service
[2026-06-29 11:27:25Z INFO CommandSettings] Flag 'help': 'False'
[2026-06-29 11:27:25Z INFO CommandSettings] Flag 'version': 'False'
[2026-06-29 11:27:25Z INFO CommandSettings] Flag 'commit': 'False'
[2026-06-29 11:27:25Z INFO CommandSettings] Flag 'check': 'False'
[2026-06-29 11:27:25Z INFO CommandSettings] Command 'configure': 'False'
[2026-06-29 11:27:25Z INFO CommandSettings] Command 'remove': 'True'
[2026-06-29 11:27:25Z INFO CommandSettings] Flag 'local': 'False'
[2026-06-29 11:27:25Z INFO ConfigurationStore] IsServiceConfigured()
[2026-06-29 11:27:25Z INFO ConfigurationStore] IsServiceConfigured: False
[2026-06-29 11:27:25Z INFO ConfigurationStore] IsConfigured()
[2026-06-29 11:27:25Z INFO ConfigurationStore] IsConfigured: True
[2026-06-29 11:27:25Z INFO ConfigurationStore] HasCredentials()
[2026-06-29 11:27:25Z INFO ConfigurationStore] stored True
[2026-06-29 11:27:25Z INFO ConfigurationStore] Read setting file: 400 chars
[2026-06-29 11:27:25Z INFO CommandSettings] Arg 'token': ''
[2026-06-29 11:27:25Z INFO CommandSettings] Flag 'unattended': 'False'
[2026-06-29 11:27:25Z INFO PromptManager] ReadValue
[2026-06-29 11:27:25Z INFO Terminal] WRITE: Enter runner remove token: 
[2026-06-29 11:27:25Z INFO Terminal] READ SECRET
[2026-06-29 11:27:33Z INFO Terminal] Read value: '***'
[2026-06-29 11:27:33Z ERR  Terminal] WRITE ERROR: Http response code: NotFound from 'POST https://api.github.com/actions/runner-registration' (Request Id: DE63:241342:A28821:99F3B2:6A4256A5)
[2026-06-29 11:27:33Z ERR  Terminal] WRITE ERROR: {"message":"Not Found","documentation_url":"https://docs.github.com/rest","status":"404"}
[2026-06-29 11:27:33Z ERR  Terminal] WRITE ERROR: Failed: Removing runner from the server
[2026-06-29 11:27:33Z ERR  Runner] System.Net.Http.HttpRequestException: Response status code does not indicate success: 404 (Not Found).
   at System.Net.Http.HttpResponseMessage.EnsureSuccessStatusCode()
   at GitHub.Runner.Listener.Configuration.ConfigurationManager.GetTenantCredential(String githubUrl, String githubToken, String runnerEvent)
   at GitHub.Runner.Listener.Configuration.ConfigurationManager.UnconfigureAsync(CommandSettings command)
   at GitHub.Runner.Listener.Runner.ExecuteCommand(CommandSettings command)
[2026-06-29 11:27:33Z ERR  Terminal] WRITE ERROR: Response status code does not indicate success: 404 (Not Found).
[2026-06-29 11:27:33Z INFO Listener] Runner execution has finished with return code 1
